1663306903698	geckodriver	INFO	Listening on 127.0.0.1:50686
1663306906771	mozrunner::runner	INFO	Running command: "C:\\Program Files\\Mozilla Firefox\\firefox.exe" "--marionette" "--remote-debugging-port" "50687" "--remote-allow-hosts" "localhost" "-no-remote" "-profile" "C:\\Users\\ozgur\\AppData\\Local\\Temp\\rust_mozprofilexY1zvo"
1663306907087	Marionette	INFO	Marionette enabled
1663306907092	Marionette	INFO	Listening on port 50696
WebDriver BiDi listening on ws://localhost:50687
Read port: 50696
1663306907311	RemoteAgent	WARN	TLS certificate errors will be ignored for this session
console.warn: SearchSettings: "get: No settings file exists, new profile?" (new NotFoundError("Could not open the file at C:\\Users\\ozgur\\AppData\\Local\\Temp\\rust_mozprofilexY1zvo\\search.json.mozlz4", (void 0)))
DevTools listening on ws://localhost:50687/devtools/browser/d10be142-50d4-4d3c-af53-8e74a9ac6f3e
JavaScript warning: https://pagead2.googlesyndication.com/bg/vTbTmvuxvaqY-350E8gd8IPWCIWzlft0eSoVzuBTYYo.js line 2 > eval line 1778 > eval line 1 > eval line 1 > eval, line 1: WEBGL_debug_renderer_info is deprecated in Firefox and will be removed. Please use RENDERER.
JavaScript error: , line 0: uncaught exception: 7
1663306913595	Marionette	INFO	Stopped listening on port 50696
JavaScript error: , line 0: TypeError: NetworkError when attempting to fetch resource.
JavaScript error: , line 0: TypeError: NetworkError when attempting to fetch resource.
JavaScript error: , line 0: TypeError: NetworkError when attempting to fetch resource.
JavaScript error: , line 0: TypeError: NetworkError when attempting to fetch resource.
console.warn: TopSitesFeed: Failed to fetch data from Contile server: NetworkError when attempting to fetch resource.
1663306976743	geckodriver	INFO	Listening on 127.0.0.1:50834
1663306979763	mozrunner::runner	INFO	Running command: "C:\\Program Files\\Mozilla Firefox\\firefox.exe" "--marionette" "--remote-debugging-port" "50835" "--remote-allow-hosts" "localhost" "-no-remote" "-profile" "C:\\Users\\ozgur\\AppData\\Local\\Temp\\rust_mozprofile2R7Eiz"
1663306980077	Marionette	INFO	Marionette enabled
1663306980081	Marionette	INFO	Listening on port 50844
WebDriver BiDi listening on ws://localhost:50835
Read port: 50844
1663306980204	RemoteAgent	WARN	TLS certificate errors will be ignored for this session
console.warn: SearchSettings: "get: No settings file exists, new profile?" (new NotFoundError("Could not open the file at C:\\Users\\ozgur\\AppData\\Local\\Temp\\rust_mozprofile2R7Eiz\\search.json.mozlz4", (void 0)))
DevTools listening on ws://localhost:50835/devtools/browser/aadfa475-18cb-4252-b760-1e0818e4d716
JavaScript warning: https://pagead2.googlesyndication.com/bg/vTbTmvuxvaqY-350E8gd8IPWCIWzlft0eSoVzuBTYYo.js line 2 > eval line 5481 > eval line 1 > eval line 1 > eval, line 1: WEBGL_debug_renderer_info is deprecated in Firefox and will be removed. Please use RENDERER.
JavaScript error: , line 0: uncaught exception: 7
JavaScript warning: https://pagead2.googlesyndication.com/bg/vTbTmvuxvaqY-350E8gd8IPWCIWzlft0eSoVzuBTYYo.js line 2 > eval line 7100 > eval line 1 > eval line 1 > eval, line 1: WEBGL_debug_renderer_info is deprecated in Firefox and will be removed. Please use RENDERER.
1663306995936	Marionette	INFO	Stopped listening on port 50844
JavaScript error: , line 0: TypeError: NetworkError when attempting to fetch resource.
JavaScript error: , line 0: TypeError: NetworkError when attempting to fetch resource.
JavaScript error: , line 0: TypeError: NetworkError when attempting to fetch resource.
JavaScript error: , line 0: TypeError: NetworkError when attempting to fetch resource.
1663307020659	geckodriver	INFO	Listening on 127.0.0.1:50966
1663307023693	mozrunner::runner	INFO	Running command: "C:\\Program Files\\Mozilla Firefox\\firefox.exe" "--marionette" "--remote-debugging-port" "50967" "--remote-allow-hosts" "localhost" "-no-remote" "-profile" "C:\\Users\\ozgur\\AppData\\Local\\Temp\\rust_mozprofileR28Ox8"
1663307024028	Marionette	INFO	Marionette enabled
1663307024032	Marionette	INFO	Listening on port 50977
WebDriver BiDi listening on ws://localhost:50967
Read port: 50977
1663307024153	RemoteAgent	WARN	TLS certificate errors will be ignored for this session
console.warn: SearchSettings: "get: No settings file exists, new profile?" (new NotFoundError("Could not open the file at C:\\Users\\ozgur\\AppData\\Local\\Temp\\rust_mozprofileR28Ox8\\search.json.mozlz4", (void 0)))
DevTools listening on ws://localhost:50967/devtools/browser/9af09ee7-5551-4285-a018-89af2025f7e0
JavaScript warning: https://pagead2.googlesyndication.com/bg/vTbTmvuxvaqY-350E8gd8IPWCIWzlft0eSoVzuBTYYo.js line 2 > eval line 4518 > eval line 1 > eval line 1 > eval, line 1: WEBGL_debug_renderer_info is deprecated in Firefox and will be removed. Please use RENDERER.
JavaScript warning: https://pagead2.googlesyndication.com/bg/vTbTmvuxvaqY-350E8gd8IPWCIWzlft0eSoVzuBTYYo.js line 2 > eval line 4681 > eval line 1 > eval line 1 > eval, line 1: WEBGL_debug_renderer_info is deprecated in Firefox and will be removed. Please use RENDERER.
1663307028637	Marionette	WARN	Ignoring event 'pageshow' because document has an invalid readyState of 'uninitialized'.
JavaScript error: , line 0: uncaught exception: 7
1663307036702	Marionette	INFO	Stopped listening on port 50977
JavaScript error: , line 0: TypeError: NetworkError when attempting to fetch resource.
JavaScript error: , line 0: TypeError: NetworkError when attempting to fetch resource.
JavaScript error: , line 0: TypeError: NetworkError when attempting to fetch resource.
JavaScript error: , line 0: TypeError: NetworkError when attempting to fetch resource.
1663307583756	geckodriver	INFO	Listening on 127.0.0.1:62798
1663307586774	mozrunner::runner	INFO	Running command: "C:\\Program Files\\Mozilla Firefox\\firefox.exe" "--marionette" "--remote-debugging-port" "62799" "--remote-allow-hosts" "localhost" "-no-remote" "-profile" "C:\\Users\\ozgur\\AppData\\Local\\Temp\\rust_mozprofileaNLkAO"
1663307587109	Marionette	INFO	Marionette enabled
1663307587113	Marionette	INFO	Listening on port 62809
WebDriver BiDi listening on ws://localhost:62799
Read port: 62809
1663307587319	RemoteAgent	WARN	TLS certificate errors will be ignored for this session
console.warn: SearchSettings: "get: No settings file exists, new profile?" (new NotFoundError("Could not open the file at C:\\Users\\ozgur\\AppData\\Local\\Temp\\rust_mozprofileaNLkAO\\search.json.mozlz4", (void 0)))
DevTools listening on ws://localhost:62799/devtools/browser/8ebab6f4-83d3-4318-bd9f-8a0774b3d58d
JavaScript warning: https://pagead2.googlesyndication.com/bg/vTbTmvuxvaqY-350E8gd8IPWCIWzlft0eSoVzuBTYYo.js line 2 > eval line 1966 > eval line 1 > eval line 1 > eval, line 1: WEBGL_debug_renderer_info is deprecated in Firefox and will be removed. Please use RENDERER.
JavaScript warning: https://pagead2.googlesyndication.com/bg/vTbTmvuxvaqY-350E8gd8IPWCIWzlft0eSoVzuBTYYo.js line 2 > eval line 5574 > eval line 1 > eval line 1 > eval, line 1: WEBGL_debug_renderer_info is deprecated in Firefox and will be removed. Please use RENDERER.
JavaScript error: , line 0: uncaught exception: 7
1663307613151	Marionette	INFO	Stopped listening on port 62809
JavaScript error: , line 0: TypeError: NetworkError when attempting to fetch resource.
JavaScript error: , line 0: TypeError: NetworkError when attempting to fetch resource.
JavaScript error: , line 0: TypeError: NetworkError when attempting to fetch resource.
JavaScript error: , line 0: TypeError: NetworkError when attempting to fetch resource.
console.warn: TopSitesFeed: Failed to fetch data from Contile server: NetworkError when attempting to fetch resource.
1663307674227	geckodriver	INFO	Listening on 127.0.0.1:62971
1663307677248	mozrunner::runner	INFO	Running command: "C:\\Program Files\\Mozilla Firefox\\firefox.exe" "--marionette" "--remote-debugging-port" "62972" "--remote-allow-hosts" "localhost" "-no-remote" "-profile" "C:\\Users\\ozgur\\AppData\\Local\\Temp\\rust_mozprofilejbcBOy"
1663307677556	Marionette	INFO	Marionette enabled
1663307677560	Marionette	INFO	Listening on port 62983
WebDriver BiDi listening on ws://localhost:62972
Read port: 62983
1663307677677	RemoteAgent	WARN	TLS certificate errors will be ignored for this session
console.warn: SearchSettings: "get: No settings file exists, new profile?" (new NotFoundError("Could not open the file at C:\\Users\\ozgur\\AppData\\Local\\Temp\\rust_mozprofilejbcBOy\\search.json.mozlz4", (void 0)))
DevTools listening on ws://localhost:62972/devtools/browser/6626ef9c-295f-4127-9720-0e2ddd0b4839
JavaScript warning: https://pagead2.googlesyndication.com/bg/vTbTmvuxvaqY-350E8gd8IPWCIWzlft0eSoVzuBTYYo.js line 2 > eval line 2162 > eval line 1 > eval line 1 > eval, line 1: WEBGL_debug_renderer_info is deprecated in Firefox and will be removed. Please use RENDERER.
JavaScript warning: https://pagead2.googlesyndication.com/bg/vTbTmvuxvaqY-350E8gd8IPWCIWzlft0eSoVzuBTYYo.js line 2 > eval line 2800 > eval line 1 > eval line 1 > eval, line 1: WEBGL_debug_renderer_info is deprecated in Firefox and will be removed. Please use RENDERER.
JavaScript error: , line 0: uncaught exception: 7
1663307711505	Marionette	INFO	Stopped listening on port 62983
JavaScript error: , line 0: TypeError: NetworkError when attempting to fetch resource.
JavaScript error: , line 0: TypeError: NetworkError when attempting to fetch resource.
JavaScript error: , line 0: TypeError: NetworkError when attempting to fetch resource.
JavaScript error: , line 0: TypeError: NetworkError when attempting to fetch resource.
1663307733037	geckodriver	INFO	Listening on 127.0.0.1:64831
1663307736063	mozrunner::runner	INFO	Running command: "C:\\Program Files\\Mozilla Firefox\\firefox.exe" "--marionette" "--remote-debugging-port" "64832" "--remote-allow-hosts" "localhost" "-no-remote" "-profile" "C:\\Users\\ozgur\\AppData\\Local\\Temp\\rust_mozprofileO8wCsF"
1663307736371	Marionette	INFO	Marionette enabled
1663307736375	Marionette	INFO	Listening on port 64842
WebDriver BiDi listening on ws://localhost:64832
Read port: 64842
1663307736495	RemoteAgent	WARN	TLS certificate errors will be ignored for this session
console.warn: SearchSettings: "get: No settings file exists, new profile?" (new NotFoundError("Could not open the file at C:\\Users\\ozgur\\AppData\\Local\\Temp\\rust_mozprofileO8wCsF\\search.json.mozlz4", (void 0)))
DevTools listening on ws://localhost:64832/devtools/browser/9dd34c55-1d4d-44e9-946a-3d52e22f33dc
JavaScript warning: https://pagead2.googlesyndication.com/bg/vTbTmvuxvaqY-350E8gd8IPWCIWzlft0eSoVzuBTYYo.js line 2 > eval line 841 > eval line 1 > eval line 1 > eval, line 1: WEBGL_debug_renderer_info is deprecated in Firefox and will be removed. Please use RENDERER.
JavaScript error: , line 0: uncaught exception: 7
JavaScript warning: https://pagead2.googlesyndication.com/bg/vTbTmvuxvaqY-350E8gd8IPWCIWzlft0eSoVzuBTYYo.js line 2 > eval line 2069 > eval line 1 > eval line 1 > eval, line 1: WEBGL_debug_renderer_info is deprecated in Firefox and will be removed. Please use RENDERER.
1663307760043	Marionette	INFO	Stopped listening on port 64842
JavaScript error: , line 0: TypeError: NetworkError when attempting to fetch resource.
JavaScript error: , line 0: TypeError: NetworkError when attempting to fetch resource.
JavaScript error: , line 0: TypeError: NetworkError when attempting to fetch resource.
JavaScript error: , line 0: TypeError: NetworkError when attempting to fetch resource.
1663307794042	geckodriver	INFO	Listening on 127.0.0.1:64988
1663307797070	mozrunner::runner	INFO	Running command: "C:\\Program Files\\Mozilla Firefox\\firefox.exe" "--marionette" "--remote-debugging-port" "64989" "--remote-allow-hosts" "localhost" "-no-remote" "-profile" "C:\\Users\\ozgur\\AppData\\Local\\Temp\\rust_mozprofile3jh02B"
1663307797379	Marionette	INFO	Marionette enabled
1663307797382	Marionette	INFO	Listening on port 65000
WebDriver BiDi listening on ws://localhost:64989
Read port: 65000
1663307797499	RemoteAgent	WARN	TLS certificate errors will be ignored for this session
console.warn: SearchSettings: "get: No settings file exists, new profile?" (new NotFoundError("Could not open the file at C:\\Users\\ozgur\\AppData\\Local\\Temp\\rust_mozprofile3jh02B\\search.json.mozlz4", (void 0)))
DevTools listening on ws://localhost:64989/devtools/browser/9697f2bd-5b60-4013-b4a6-b157673414ca
JavaScript warning: https://pagead2.googlesyndication.com/bg/vTbTmvuxvaqY-350E8gd8IPWCIWzlft0eSoVzuBTYYo.js line 2 > eval line 5626 > eval line 1 > eval line 1 > eval, line 1: WEBGL_debug_renderer_info is deprecated in Firefox and will be removed. Please use RENDERER.
JavaScript error: , line 0: uncaught exception: 7
JavaScript warning: https://pagead2.googlesyndication.com/bg/vTbTmvuxvaqY-350E8gd8IPWCIWzlft0eSoVzuBTYYo.js line 2 > eval line 3513 > eval line 1 > eval line 1 > eval, line 1: WEBGL_debug_renderer_info is deprecated in Firefox and will be removed. Please use RENDERER.
1663307900155	Marionette	INFO	Stopped listening on port 65000
JavaScript error: , line 0: TypeError: NetworkError when attempting to fetch resource.
JavaScript error: , line 0: TypeError: NetworkError when attempting to fetch resource.
JavaScript error: , line 0: TypeError: NetworkError when attempting to fetch resource.
JavaScript error: , line 0: TypeError: NetworkError when attempting to fetch resource.
console.warn: TopSitesFeed: Failed to fetch data from Contile server: NetworkError when attempting to fetch resource.
1663308001808	geckodriver	INFO	Listening on 127.0.0.1:65280
1663308004783	mozrunner::runner	INFO	Running command: "C:\\Program Files\\Mozilla Firefox\\firefox.exe" "--marionette" "--remote-debugging-port" "65281" "--remote-allow-hosts" "localhost" "-no-remote" "-profile" "C:\\Users\\ozgur\\AppData\\Local\\Temp\\rust_mozprofilevbw1DL"
1663308005099	Marionette	INFO	Marionette enabled
1663308005103	Marionette	INFO	Listening on port 65292
WebDriver BiDi listening on ws://localhost:65281
Read port: 65292
1663308005223	RemoteAgent	WARN	TLS certificate errors will be ignored for this session
console.warn: SearchSettings: "get: No settings file exists, new profile?" (new NotFoundError("Could not open the file at C:\\Users\\ozgur\\AppData\\Local\\Temp\\rust_mozprofilevbw1DL\\search.json.mozlz4", (void 0)))
DevTools listening on ws://localhost:65281/devtools/browser/29f77a54-5caa-4247-bbd0-6935c2d630a1
JavaScript warning: https://pagead2.googlesyndication.com/bg/vTbTmvuxvaqY-350E8gd8IPWCIWzlft0eSoVzuBTYYo.js line 2 > eval line 3241 > eval line 1 > eval line 1 > eval, line 1: WEBGL_debug_renderer_info is deprecated in Firefox and will be removed. Please use RENDERER.
JavaScript error: , line 0: uncaught exception: 7
JavaScript warning: https://pagead2.googlesyndication.com/bg/vTbTmvuxvaqY-350E8gd8IPWCIWzlft0eSoVzuBTYYo.js line 2 > eval line 255 > eval line 1 > eval line 1 > eval, line 1: WEBGL_debug_renderer_info is deprecated in Firefox and will be removed. Please use RENDERER.
1663308071595	geckodriver	INFO	Listening on 127.0.0.1:65440
1663308074591	mozrunner::runner	INFO	Running command: "C:\\Program Files\\Mozilla Firefox\\firefox.exe" "--marionette" "--remote-debugging-port" "65441" "--remote-allow-hosts" "localhost" "-no-remote" "-profile" "C:\\Users\\ozgur\\AppData\\Local\\Temp\\rust_mozprofileHAUZo6"
1663308074916	Marionette	INFO	Marionette enabled
1663308074920	Marionette	INFO	Listening on port 65452
WebDriver BiDi listening on ws://localhost:65441
Read port: 65452
1663308075042	RemoteAgent	WARN	TLS certificate errors will be ignored for this session
console.warn: SearchSettings: "get: No settings file exists, new profile?" (new NotFoundError("Could not open the file at C:\\Users\\ozgur\\AppData\\Local\\Temp\\rust_mozprofileHAUZo6\\search.json.mozlz4", (void 0)))
DevTools listening on ws://localhost:65441/devtools/browser/ad7354c9-be26-4a46-bf1b-3a58ee899d4e
JavaScript warning: https://pagead2.googlesyndication.com/bg/vTbTmvuxvaqY-350E8gd8IPWCIWzlft0eSoVzuBTYYo.js line 2 > eval line 6885 > eval line 1 > eval line 1 > eval, line 1: WEBGL_debug_renderer_info is deprecated in Firefox and will be removed. Please use RENDERER.
JavaScript warning: https://pagead2.googlesyndication.com/bg/vTbTmvuxvaqY-350E8gd8IPWCIWzlft0eSoVzuBTYYo.js line 2 > eval line 720 > eval line 1 > eval line 1 > eval, line 1: WEBGL_debug_renderer_info is deprecated in Firefox and will be removed. Please use RENDERER.
JavaScript error: , line 0: uncaught exception: 7
1663308467326	geckodriver	INFO	Listening on 127.0.0.1:57060
1663308470314	mozrunner::runner	INFO	Running command: "C:\\Program Files\\Mozilla Firefox\\firefox.exe" "--marionette" "--remote-debugging-port" "57061" "--remote-allow-hosts" "localhost" "-no-remote" "-profile" "C:\\Users\\ozgur\\AppData\\Local\\Temp\\rust_mozprofileMXKfr8"
1663308470628	Marionette	INFO	Marionette enabled
1663308470631	Marionette	INFO	Listening on port 57072
WebDriver BiDi listening on ws://localhost:57061
Read port: 57072
1663308470752	RemoteAgent	WARN	TLS certificate errors will be ignored for this session
console.warn: SearchSettings: "get: No settings file exists, new profile?" (new NotFoundError("Could not open the file at C:\\Users\\ozgur\\AppData\\Local\\Temp\\rust_mozprofileMXKfr8\\search.json.mozlz4", (void 0)))
DevTools listening on ws://localhost:57061/devtools/browser/5282b3a2-632e-48ca-8822-a2f001c6c8b2
JavaScript warning: https://pagead2.googlesyndication.com/bg/vTbTmvuxvaqY-350E8gd8IPWCIWzlft0eSoVzuBTYYo.js line 2 > eval line 5218 > eval line 1 > eval line 1 > eval, line 1: WEBGL_debug_renderer_info is deprecated in Firefox and will be removed. Please use RENDERER.
JavaScript error: , line 0: uncaught exception: 7
JavaScript warning: https://pagead2.googlesyndication.com/bg/vTbTmvuxvaqY-350E8gd8IPWCIWzlft0eSoVzuBTYYo.js line 2 > eval line 4358 > eval line 1 > eval line 1 > eval, line 1: WEBGL_debug_renderer_info is deprecated in Firefox and will be removed. Please use RENDERER.
1663308557997	geckodriver	INFO	Listening on 127.0.0.1:49938
1663308560993	mozrunner::runner	INFO	Running command: "C:\\Program Files\\Mozilla Firefox\\firefox.exe" "--marionette" "--remote-debugging-port" "49939" "--remote-allow-hosts" "localhost" "-no-remote" "-profile" "C:\\Users\\ozgur\\AppData\\Local\\Temp\\rust_mozprofilehFvnyg"
1663308561305	Marionette	INFO	Marionette enabled
1663308561309	Marionette	INFO	Listening on port 49949
WebDriver BiDi listening on ws://localhost:49939
Read port: 49949
1663308561441	RemoteAgent	WARN	TLS certificate errors will be ignored for this session
console.warn: SearchSettings: "get: No settings file exists, new profile?" (new NotFoundError("Could not open the file at C:\\Users\\ozgur\\AppData\\Local\\Temp\\rust_mozprofilehFvnyg\\search.json.mozlz4", (void 0)))
DevTools listening on ws://localhost:49939/devtools/browser/d7664ffc-387a-4df7-a5a2-3a13f6af540e
JavaScript warning: https://pagead2.googlesyndication.com/bg/vTbTmvuxvaqY-350E8gd8IPWCIWzlft0eSoVzuBTYYo.js line 2 > eval line 7340 > eval line 1 > eval line 1 > eval, line 1: WEBGL_debug_renderer_info is deprecated in Firefox and will be removed. Please use RENDERER.
JavaScript error: , line 0: uncaught exception: 7
JavaScript warning: https://pagead2.googlesyndication.com/bg/vTbTmvuxvaqY-350E8gd8IPWCIWzlft0eSoVzuBTYYo.js line 2 > eval line 5565 > eval line 1 > eval line 1 > eval, line 1: WEBGL_debug_renderer_info is deprecated in Firefox and will be removed. Please use RENDERER.
1663308575373	Marionette	INFO	Stopped listening on port 49949
1663309554388	geckodriver	INFO	Listening on 127.0.0.1:50890
1663309557393	mozrunner::runner	INFO	Running command: "C:\\Program Files\\Mozilla Firefox\\firefox.exe" "--marionette" "--remote-debugging-port" "50891" "--remote-allow-hosts" "localhost" "-no-remote" "-profile" "C:\\Users\\ozgur\\AppData\\Local\\Temp\\rust_mozprofilestQV1g"
1663309557719	Marionette	INFO	Marionette enabled
1663309557723	Marionette	INFO	Listening on port 50902
WebDriver BiDi listening on ws://localhost:50891
Read port: 50902
1663309557845	RemoteAgent	WARN	TLS certificate errors will be ignored for this session
console.warn: SearchSettings: "get: No settings file exists, new profile?" (new NotFoundError("Could not open the file at C:\\Users\\ozgur\\AppData\\Local\\Temp\\rust_mozprofilestQV1g\\search.json.mozlz4", (void 0)))
DevTools listening on ws://localhost:50891/devtools/browser/1a0dd0dc-02b7-43e9-8450-a38ea1a99ecd
JavaScript warning: https://pagead2.googlesyndication.com/bg/vTbTmvuxvaqY-350E8gd8IPWCIWzlft0eSoVzuBTYYo.js line 2 > eval line 6372 > eval line 1 > eval line 1 > eval, line 1: WEBGL_debug_renderer_info is deprecated in Firefox and will be removed. Please use RENDERER.
JavaScript warning: https://pagead2.googlesyndication.com/bg/vTbTmvuxvaqY-350E8gd8IPWCIWzlft0eSoVzuBTYYo.js line 2 > eval line 308 > eval line 1 > eval line 1 > eval, line 1: WEBGL_debug_renderer_info is deprecated in Firefox and will be removed. Please use RENDERER.
JavaScript error: , line 0: uncaught exception: 7
1663309565486	Marionette	INFO	Stopped listening on port 50902
JavaScript error: , line 0: TypeError: NetworkError when attempting to fetch resource.
JavaScript error: , line 0: TypeError: NetworkError when attempting to fetch resource.
JavaScript error: , line 0: TypeError: NetworkError when attempting to fetch resource.
1663309862901	geckodriver	INFO	Listening on 127.0.0.1:51170
1663309865908	mozrunner::runner	INFO	Running command: "C:\\Program Files\\Mozilla Firefox\\firefox.exe" "--marionette" "--remote-debugging-port" "51171" "--remote-allow-hosts" "localhost" "-no-remote" "-profile" "C:\\Users\\ozgur\\AppData\\Local\\Temp\\rust_mozprofileSlNAUf"
1663309866268	Marionette	INFO	Marionette enabled
1663309866271	Marionette	INFO	Listening on port 51182
WebDriver BiDi listening on ws://localhost:51171
Read port: 51182
1663309866393	RemoteAgent	WARN	TLS certificate errors will be ignored for this session
console.warn: SearchSettings: "get: No settings file exists, new profile?" (new NotFoundError("Could not open the file at C:\\Users\\ozgur\\AppData\\Local\\Temp\\rust_mozprofileSlNAUf\\search.json.mozlz4", (void 0)))
DevTools listening on ws://localhost:51171/devtools/browser/e9dbbe70-8bc6-48d2-8ed6-7e2192df0a9e
JavaScript error: , line 0: uncaught exception: undefined
JavaScript warning: https://pagead2.googlesyndication.com/bg/vTbTmvuxvaqY-350E8gd8IPWCIWzlft0eSoVzuBTYYo.js line 2 > eval line 302 > eval line 1 > eval line 1 > eval, line 1: WEBGL_debug_renderer_info is deprecated in Firefox and will be removed. Please use RENDERER.
JavaScript warning: https://pagead2.googlesyndication.com/bg/vTbTmvuxvaqY-350E8gd8IPWCIWzlft0eSoVzuBTYYo.js line 2 > eval line 3750 > eval line 1 > eval line 1 > eval, line 1: WEBGL_debug_renderer_info is deprecated in Firefox and will be removed. Please use RENDERER.
JavaScript error: , line 0: uncaught exception: 7
JavaScript warning: https://pagead2.googlesyndication.com/bg/vTbTmvuxvaqY-350E8gd8IPWCIWzlft0eSoVzuBTYYo.js line 2 > eval line 2362 > eval line 1 > eval line 1 > eval, line 1: WEBGL_debug_renderer_info is deprecated in Firefox and will be removed. Please use RENDERER.
JavaScript warning: https://pagead2.googlesyndication.com/bg/vTbTmvuxvaqY-350E8gd8IPWCIWzlft0eSoVzuBTYYo.js line 2 > eval line 6902 > eval line 1 > eval line 1 > eval, line 1: WEBGL_debug_renderer_info is deprecated in Firefox and will be removed. Please use RENDERER.
JavaScript error: , line 0: uncaught exception: 7
JavaScript warning: https://pagead2.googlesyndication.com/bg/vTbTmvuxvaqY-350E8gd8IPWCIWzlft0eSoVzuBTYYo.js line 2 > eval line 7398 > eval line 1 > eval line 1 > eval, line 1: WEBGL_debug_renderer_info is deprecated in Firefox and will be removed. Please use RENDERER.
JavaScript warning: https://pagead2.googlesyndication.com/bg/vTbTmvuxvaqY-350E8gd8IPWCIWzlft0eSoVzuBTYYo.js line 2 > eval line 4726 > eval line 1 > eval line 1 > eval, line 1: WEBGL_debug_renderer_info is deprecated in Firefox and will be removed. Please use RENDERER.
JavaScript error: , line 0: uncaught exception: 7
JavaScript error: , line 0: TypeError: NetworkError when attempting to fetch resource.
JavaScript error: , line 0: TypeError: NetworkError when attempting to fetch resource.
JavaScript error: , line 0: TypeError: NetworkError when attempting to fetch resource.
JavaScript warning: https://pagead2.googlesyndication.com/bg/vTbTmvuxvaqY-350E8gd8IPWCIWzlft0eSoVzuBTYYo.js line 2 > eval line 6985 > eval line 1 > eval line 1 > eval, line 1: WEBGL_debug_renderer_info is deprecated in Firefox and will be removed. Please use RENDERER.
JavaScript warning: https://pagead2.googlesyndication.com/bg/vTbTmvuxvaqY-350E8gd8IPWCIWzlft0eSoVzuBTYYo.js line 2 > eval line 3732 > eval line 1 > eval line 1 > eval, line 1: WEBGL_debug_renderer_info is deprecated in Firefox and will be removed. Please use RENDERER.
JavaScript error: , line 0: uncaught exception: 7
JavaScript error: , line 0: TypeError: NetworkError when attempting to fetch resource.
JavaScript error: , line 0: TypeError: NetworkError when attempting to fetch resource.
JavaScript error: , line 0: TypeError: NetworkError when attempting to fetch resource.
JavaScript warning: https://pagead2.googlesyndication.com/bg/vTbTmvuxvaqY-350E8gd8IPWCIWzlft0eSoVzuBTYYo.js line 2 > eval line 3014 > eval line 1 > eval line 1 > eval, line 1: WEBGL_debug_renderer_info is deprecated in Firefox and will be removed. Please use RENDERER.
JavaScript warning: https://pagead2.googlesyndication.com/bg/vTbTmvuxvaqY-350E8gd8IPWCIWzlft0eSoVzuBTYYo.js line 2 > eval line 2885 > eval line 1 > eval line 1 > eval, line 1: WEBGL_debug_renderer_info is deprecated in Firefox and will be removed. Please use RENDERER.
JavaScript error: , line 0: uncaught exception: 7
JavaScript error: , line 0: TypeError: NetworkError when attempting to fetch resource.
JavaScript error: , line 0: TypeError: NetworkError when attempting to fetch resource.
JavaScript error: , line 0: TypeError: NetworkError when attempting to fetch resource.
JavaScript warning: https://pagead2.googlesyndication.com/bg/vTbTmvuxvaqY-350E8gd8IPWCIWzlft0eSoVzuBTYYo.js line 2 > eval line 985 > eval line 1 > eval line 1 > eval, line 1: WEBGL_debug_renderer_info is deprecated in Firefox and will be removed. Please use RENDERER.
JavaScript warning: https://pagead2.googlesyndication.com/bg/vTbTmvuxvaqY-350E8gd8IPWCIWzlft0eSoVzuBTYYo.js line 2 > eval line 6338 > eval line 1 > eval line 1 > eval, line 1: WEBGL_debug_renderer_info is deprecated in Firefox and will be removed. Please use RENDERER.
JavaScript error: , line 0: uncaught exception: 7
JavaScript warning: https://pagead2.googlesyndication.com/bg/vTbTmvuxvaqY-350E8gd8IPWCIWzlft0eSoVzuBTYYo.js line 2 > eval line 6166 > eval line 1 > eval line 1 > eval, line 1: WEBGL_debug_renderer_info is deprecated in Firefox and will be removed. Please use RENDERER.
JavaScript warning: https://pagead2.googlesyndication.com/bg/vTbTmvuxvaqY-350E8gd8IPWCIWzlft0eSoVzuBTYYo.js line 2 > eval line 813 > eval line 1 > eval line 1 > eval, line 1: WEBGL_debug_renderer_info is deprecated in Firefox and will be removed. Please use RENDERER.
JavaScript error: , line 0: uncaught exception: 7
JavaScript error: , line 0: TypeError: NetworkError when attempting to fetch resource.
JavaScript error: , line 0: TypeError: NetworkError when attempting to fetch resource.
JavaScript error: , line 0: TypeError: NetworkError when attempting to fetch resource.
JavaScript error: , line 0: TypeError: NetworkError when attempting to fetch resource.
JavaScript warning: https://pagead2.googlesyndication.com/bg/vTbTmvuxvaqY-350E8gd8IPWCIWzlft0eSoVzuBTYYo.js line 2 > eval line 4325 > eval line 1 > eval line 1 > eval, line 1: WEBGL_debug_renderer_info is deprecated in Firefox and will be removed. Please use RENDERER.
JavaScript warning: https://pagead2.googlesyndication.com/bg/vTbTmvuxvaqY-350E8gd8IPWCIWzlft0eSoVzuBTYYo.js line 2 > eval line 1767 > eval line 1 > eval line 1 > eval, line 1: WEBGL_debug_renderer_info is deprecated in Firefox and will be removed. Please use RENDERER.
JavaScript error: , line 0: uncaught exception: 7
JavaScript error: , line 0: TypeError: NetworkError when attempting to fetch resource.
JavaScript error: , line 0: TypeError: NetworkError when attempting to fetch resource.
JavaScript error: , line 0: TypeError: NetworkError when attempting to fetch resource.
JavaScript error: , line 0: uncaught exception: 7
JavaScript warning: https://pagead2.googlesyndication.com/bg/vTbTmvuxvaqY-350E8gd8IPWCIWzlft0eSoVzuBTYYo.js line 2 > eval line 4986 > eval line 1 > eval line 1 > eval, line 1: WEBGL_debug_renderer_info is deprecated in Firefox and will be removed. Please use RENDERER.
JavaScript warning: https://pagead2.googlesyndication.com/bg/vTbTmvuxvaqY-350E8gd8IPWCIWzlft0eSoVzuBTYYo.js line 2 > eval line 4184 > eval line 1 > eval line 1 > eval, line 1: WEBGL_debug_renderer_info is deprecated in Firefox and will be removed. Please use RENDERER.
1663309927567	Marionette	INFO	Stopped listening on port 51182
JavaScript error: , line 0: TypeError: NetworkError when attempting to fetch resource.
JavaScript error: , line 0: TypeError: NetworkError when attempting to fetch resource.
JavaScript error: , line 0: TypeError: NetworkError when attempting to fetch resource.
JavaScript error: , line 0: TypeError: NetworkError when attempting to fetch resource.
1663310831248	geckodriver	INFO	Listening on 127.0.0.1:51844
1663310834239	mozrunner::runner	INFO	Running command: "C:\\Program Files\\Mozilla Firefox\\firefox.exe" "--marionette" "--remote-debugging-port" "51845" "--remote-allow-hosts" "localhost" "-no-remote" "-profile" "C:\\Users\\ozgur\\AppData\\Local\\Temp\\rust_mozprofileykcHAF"
1663310834568	Marionette	INFO	Marionette enabled
1663310834572	Marionette	INFO	Listening on port 51856
WebDriver BiDi listening on ws://localhost:51845
Read port: 51856
1663310834779	RemoteAgent	WARN	TLS certificate errors will be ignored for this session
console.warn: SearchSettings: "get: No settings file exists, new profile?" (new NotFoundError("Could not open the file at C:\\Users\\ozgur\\AppData\\Local\\Temp\\rust_mozprofileykcHAF\\search.json.mozlz4", (void 0)))
DevTools listening on ws://localhost:51845/devtools/browser/36ec59ca-9bb3-4480-a08a-a41dc33ab6c4
JavaScript warning: https://pagead2.googlesyndication.com/bg/vTbTmvuxvaqY-350E8gd8IPWCIWzlft0eSoVzuBTYYo.js line 2 > eval line 2695 > eval line 1 > eval line 1 > eval, line 1: WEBGL_debug_renderer_info is deprecated in Firefox and will be removed. Please use RENDERER.
JavaScript warning: https://pagead2.googlesyndication.com/bg/vTbTmvuxvaqY-350E8gd8IPWCIWzlft0eSoVzuBTYYo.js line 2 > eval line 1273 > eval line 1 > eval line 1 > eval, line 1: WEBGL_debug_renderer_info is deprecated in Firefox and will be removed. Please use RENDERER.
JavaScript warning: https://pagead2.googlesyndication.com/bg/vTbTmvuxvaqY-350E8gd8IPWCIWzlft0eSoVzuBTYYo.js line 2 > eval line 3684 > eval line 1 > eval line 1 > eval, line 1: WEBGL_debug_renderer_info is deprecated in Firefox and will be removed. Please use RENDERER.
JavaScript error: , line 0: uncaught exception: 7
JavaScript warning: https://pagead2.googlesyndication.com/bg/vTbTmvuxvaqY-350E8gd8IPWCIWzlft0eSoVzuBTYYo.js line 2 > eval line 3433 > eval line 1 > eval line 1 > eval, line 1: WEBGL_debug_renderer_info is deprecated in Firefox and will be removed. Please use RENDERER.
JavaScript warning: https://pagead2.googlesyndication.com/bg/vTbTmvuxvaqY-350E8gd8IPWCIWzlft0eSoVzuBTYYo.js line 2 > eval line 1120 > eval line 1 > eval line 1 > eval, line 1: WEBGL_debug_renderer_info is deprecated in Firefox and will be removed. Please use RENDERER.
JavaScript error: , line 0: uncaught exception: 7
JavaScript warning: https://pagead2.googlesyndication.com/bg/vTbTmvuxvaqY-350E8gd8IPWCIWzlft0eSoVzuBTYYo.js line 2 > eval line 243 > eval line 1 > eval line 1 > eval, line 1: WEBGL_debug_renderer_info is deprecated in Firefox and will be removed. Please use RENDERER.
JavaScript warning: https://pagead2.googlesyndication.com/bg/vTbTmvuxvaqY-350E8gd8IPWCIWzlft0eSoVzuBTYYo.js line 2 > eval line 6225 > eval line 1 > eval line 1 > eval, line 1: WEBGL_debug_renderer_info is deprecated in Firefox and will be removed. Please use RENDERER.
JavaScript error: , line 0: uncaught exception: 7
JavaScript error: , line 0: TypeError: NetworkError when attempting to fetch resource.
JavaScript warning: https://pagead2.googlesyndication.com/bg/vTbTmvuxvaqY-350E8gd8IPWCIWzlft0eSoVzuBTYYo.js line 2 > eval line 5770 > eval line 1 > eval line 1 > eval, line 1: WEBGL_debug_renderer_info is deprecated in Firefox and will be removed. Please use RENDERER.
JavaScript error: , line 0: uncaught exception: 7
JavaScript warning: https://pagead2.googlesyndication.com/bg/vTbTmvuxvaqY-350E8gd8IPWCIWzlft0eSoVzuBTYYo.js line 2 > eval line 2132 > eval line 1 > eval line 1 > eval, line 1: WEBGL_debug_renderer_info is deprecated in Firefox and will be removed. Please use RENDERER.
JavaScript error: , line 0: TypeError: NetworkError when attempting to fetch resource.
JavaScript error: , line 0: TypeError: NetworkError when attempting to fetch resource.
JavaScript error: , line 0: TypeError: NetworkError when attempting to fetch resource.
JavaScript error: , line 0: TypeError: NetworkError when attempting to fetch resource.
JavaScript warning: https://pagead2.googlesyndication.com/bg/vTbTmvuxvaqY-350E8gd8IPWCIWzlft0eSoVzuBTYYo.js line 2 > eval line 2015 > eval line 1 > eval line 1 > eval, line 1: WEBGL_debug_renderer_info is deprecated in Firefox and will be removed. Please use RENDERER.
JavaScript error: , line 0: uncaught exception: 7
JavaScript warning: https://pagead2.googlesyndication.com/bg/vTbTmvuxvaqY-350E8gd8IPWCIWzlft0eSoVzuBTYYo.js line 2 > eval line 2993 > eval line 1 > eval line 1 > eval, line 1: WEBGL_debug_renderer_info is deprecated in Firefox and will be removed. Please use RENDERER.
JavaScript warning: https://pagead2.googlesyndication.com/bg/vTbTmvuxvaqY-350E8gd8IPWCIWzlft0eSoVzuBTYYo.js line 2 > eval line 5202 > eval line 1 > eval line 1 > eval, line 1: WEBGL_debug_renderer_info is deprecated in Firefox and will be removed. Please use RENDERER.
JavaScript error: , line 0: uncaught exception: 7
JavaScript warning: https://pagead2.googlesyndication.com/bg/vTbTmvuxvaqY-350E8gd8IPWCIWzlft0eSoVzuBTYYo.js line 2 > eval line 2839 > eval line 1 > eval line 1 > eval, line 1: WEBGL_debug_renderer_info is deprecated in Firefox and will be removed. Please use RENDERER.
JavaScript warning: https://pagead2.googlesyndication.com/bg/vTbTmvuxvaqY-350E8gd8IPWCIWzlft0eSoVzuBTYYo.js line 2 > eval line 1587 > eval line 1 > eval line 1 > eval, line 1: WEBGL_debug_renderer_info is deprecated in Firefox and will be removed. Please use RENDERER.
JavaScript error: , line 0: uncaught exception: 7
JavaScript warning: https://pagead2.googlesyndication.com/bg/vTbTmvuxvaqY-350E8gd8IPWCIWzlft0eSoVzuBTYYo.js line 2 > eval line 7078 > eval line 1 > eval line 1 > eval, line 1: WEBGL_debug_renderer_info is deprecated in Firefox and will be removed. Please use RENDERER.
JavaScript error: , line 0: TypeError: NetworkError when attempting to fetch resource.
JavaScript warning: https://pagead2.googlesyndication.com/bg/vTbTmvuxvaqY-350E8gd8IPWCIWzlft0eSoVzuBTYYo.js line 2 > eval line 484 > eval line 1 > eval line 1 > eval, line 1: WEBGL_debug_renderer_info is deprecated in Firefox and will be removed. Please use RENDERER.
JavaScript error: , line 0: uncaught exception: 7
JavaScript warning: https://pagead2.googlesyndication.com/bg/vTbTmvuxvaqY-350E8gd8IPWCIWzlft0eSoVzuBTYYo.js line 2 > eval line 428 > eval line 1 > eval line 1 > eval, line 1: WEBGL_debug_renderer_info is deprecated in Firefox and will be removed. Please use RENDERER.
JavaScript error: , line 0: TypeError: NetworkError when attempting to fetch resource.
JavaScript error: , line 0: TypeError: NetworkError when attempting to fetch resource.
JavaScript error: , line 0: TypeError: NetworkError when attempting to fetch resource.
JavaScript warning: https://pagead2.googlesyndication.com/bg/vTbTmvuxvaqY-350E8gd8IPWCIWzlft0eSoVzuBTYYo.js line 2 > eval line 5266 > eval line 1 > eval line 1 > eval, line 1: WEBGL_debug_renderer_info is deprecated in Firefox and will be removed. Please use RENDERER.
JavaScript error: , line 0: uncaught exception: 7
JavaScript warning: https://pagead2.googlesyndication.com/bg/vTbTmvuxvaqY-350E8gd8IPWCIWzlft0eSoVzuBTYYo.js line 2 > eval line 3592 > eval line 1 > eval line 1 > eval, line 1: WEBGL_debug_renderer_info is deprecated in Firefox and will be removed. Please use RENDERER.
1663310881033	Marionette	INFO	Stopped listening on port 51856
JavaScript error: , line 0: TypeError: NetworkError when attempting to fetch resource.
JavaScript error: , line 0: TypeError: NetworkError when attempting to fetch resource.
JavaScript error: , line 0: TypeError: NetworkError when attempting to fetch resource.
JavaScript error: , line 0: TypeError: NetworkError when attempting to fetch resource.
1663311003739	geckodriver	INFO	Listening on 127.0.0.1:52098
1663311006748	mozrunner::runner	INFO	Running command: "C:\\Program Files\\Mozilla Firefox\\firefox.exe" "--marionette" "--remote-debugging-port" "52099" "--remote-allow-hosts" "localhost" "-no-remote" "-profile" "C:\\Users\\ozgur\\AppData\\Local\\Temp\\rust_mozprofilePNJXRd"
1663311007062	Marionette	INFO	Marionette enabled
1663311007066	Marionette	INFO	Listening on port 52110
WebDriver BiDi listening on ws://localhost:52099
Read port: 52110
1663311007185	RemoteAgent	WARN	TLS certificate errors will be ignored for this session
console.warn: SearchSettings: "get: No settings file exists, new profile?" (new NotFoundError("Could not open the file at C:\\Users\\ozgur\\AppData\\Local\\Temp\\rust_mozprofilePNJXRd\\search.json.mozlz4", (void 0)))
DevTools listening on ws://localhost:52099/devtools/browser/c894db03-45f5-466d-a41c-b5ba8d1916a4
JavaScript warning: https://pagead2.googlesyndication.com/bg/vTbTmvuxvaqY-350E8gd8IPWCIWzlft0eSoVzuBTYYo.js line 2 > eval line 1827 > eval line 1 > eval line 1 > eval, line 1: WEBGL_debug_renderer_info is deprecated in Firefox and will be removed. Please use RENDERER.
JavaScript error: , line 0: uncaught exception: 7
JavaScript warning: https://pagead2.googlesyndication.com/bg/vTbTmvuxvaqY-350E8gd8IPWCIWzlft0eSoVzuBTYYo.js line 2 > eval line 1703 > eval line 1 > eval line 1 > eval, line 1: WEBGL_debug_renderer_info is deprecated in Firefox and will be removed. Please use RENDERER.
JavaScript warning: https://pagead2.googlesyndication.com/bg/vTbTmvuxvaqY-350E8gd8IPWCIWzlft0eSoVzuBTYYo.js line 2 > eval line 3664 > eval line 1 > eval line 1 > eval, line 1: WEBGL_debug_renderer_info is deprecated in Firefox and will be removed. Please use RENDERER.
JavaScript warning: https://pagead2.googlesyndication.com/bg/vTbTmvuxvaqY-350E8gd8IPWCIWzlft0eSoVzuBTYYo.js line 2 > eval line 1460 > eval line 1 > eval line 1 > eval, line 1: WEBGL_debug_renderer_info is deprecated in Firefox and will be removed. Please use RENDERER.
JavaScript error: , line 0: uncaught exception: 7
JavaScript warning: https://pagead2.googlesyndication.com/bg/vTbTmvuxvaqY-350E8gd8IPWCIWzlft0eSoVzuBTYYo.js line 2 > eval line 1210 > eval line 1 > eval line 1 > eval, line 1: WEBGL_debug_renderer_info is deprecated in Firefox and will be removed. Please use RENDERER.
JavaScript warning: https://pagead2.googlesyndication.com/bg/vTbTmvuxvaqY-350E8gd8IPWCIWzlft0eSoVzuBTYYo.js line 2 > eval line 233 > eval line 1 > eval line 1 > eval, line 1: WEBGL_debug_renderer_info is deprecated in Firefox and will be removed. Please use RENDERER.
JavaScript error: , line 0: TypeError: NetworkError when attempting to fetch resource.
JavaScript warning: https://pagead2.googlesyndication.com/bg/vTbTmvuxvaqY-350E8gd8IPWCIWzlft0eSoVzuBTYYo.js line 2 > eval line 5654 > eval line 1 > eval line 1 > eval, line 1: WEBGL_debug_renderer_info is deprecated in Firefox and will be removed. Please use RENDERER.
JavaScript warning: https://pagead2.googlesyndication.com/bg/vTbTmvuxvaqY-350E8gd8IPWCIWzlft0eSoVzuBTYYo.js line 2 > eval line 1058 > eval line 1 > eval line 1 > eval, line 1: WEBGL_debug_renderer_info is deprecated in Firefox and will be removed. Please use RENDERER.
JavaScript warning: https://pagead2.googlesyndication.com/bg/vTbTmvuxvaqY-350E8gd8IPWCIWzlft0eSoVzuBTYYo.js line 2 > eval line 1595 > eval line 1 > eval line 1 > eval, line 1: WEBGL_debug_renderer_info is deprecated in Firefox and will be removed. Please use RENDERER.
JavaScript error: , line 0: TypeError: NetworkError when attempting to fetch resource.
JavaScript warning: https://pagead2.googlesyndication.com/bg/vTbTmvuxvaqY-350E8gd8IPWCIWzlft0eSoVzuBTYYo.js line 2 > eval line 1599 > eval line 1 > eval line 1 > eval, line 1: WEBGL_debug_renderer_info is deprecated in Firefox and will be removed. Please use RENDERER.
JavaScript error: , line 0: TypeError: NetworkError when attempting to fetch resource.
JavaScript error: , line 0: TypeError: NetworkError when attempting to fetch resource.
JavaScript warning: https://pagead2.googlesyndication.com/bg/vTbTmvuxvaqY-350E8gd8IPWCIWzlft0eSoVzuBTYYo.js line 2 > eval line 4954 > eval line 1 > eval line 1 > eval, line 1: WEBGL_debug_renderer_info is deprecated in Firefox and will be removed. Please use RENDERER.
JavaScript warning: https://pagead2.googlesyndication.com/bg/vTbTmvuxvaqY-350E8gd8IPWCIWzlft0eSoVzuBTYYo.js line 2 > eval line 2404 > eval line 1 > eval line 1 > eval, line 1: WEBGL_debug_renderer_info is deprecated in Firefox and will be removed. Please use RENDERER.
JavaScript warning: https://pagead2.googlesyndication.com/bg/vTbTmvuxvaqY-350E8gd8IPWCIWzlft0eSoVzuBTYYo.js line 2 > eval line 5857 > eval line 1 > eval line 1 > eval, line 1: WEBGL_debug_renderer_info is deprecated in Firefox and will be removed. Please use RENDERER.
JavaScript error: , line 0: TypeError: NetworkError when attempting to fetch resource.
JavaScript error: , line 0: uncaught exception: 7
JavaScript error: , line 0: TypeError: NetworkError when attempting to fetch resource.
JavaScript error: , line 0: TypeError: NetworkError when attempting to fetch resource.
JavaScript error: , line 0: TypeError: NetworkError when attempting to fetch resource.
JavaScript warning: https://pagead2.googlesyndication.com/bg/vTbTmvuxvaqY-350E8gd8IPWCIWzlft0eSoVzuBTYYo.js line 2 > eval line 4675 > eval line 1 > eval line 1 > eval, line 1: WEBGL_debug_renderer_info is deprecated in Firefox and will be removed. Please use RENDERER.
JavaScript warning: https://pagead2.googlesyndication.com/bg/vTbTmvuxvaqY-350E8gd8IPWCIWzlft0eSoVzuBTYYo.js line 2 > eval line 4953 > eval line 1 > eval line 1 > eval, line 1: WEBGL_debug_renderer_info is deprecated in Firefox and will be removed. Please use RENDERER.
JavaScript error: , line 0: uncaught exception: 7
1663311119070	Marionette	INFO	Stopped listening on port 52110
JavaScript error: , line 0: TypeError: NetworkError when attempting to fetch resource.
JavaScript error: , line 0: TypeError: NetworkError when attempting to fetch resource.
JavaScript error: , line 0: TypeError: NetworkError when attempting to fetch resource.
1663312120453	geckodriver	INFO	Listening on 127.0.0.1:52848
1663312123440	mozrunner::runner	INFO	Running command: "C:\\Program Files\\Mozilla Firefox\\firefox.exe" "--marionette" "--remote-debugging-port" "52849" "--remote-allow-hosts" "localhost" "-no-remote" "-profile" "C:\\Users\\ozgur\\AppData\\Local\\Temp\\rust_mozprofileYt0k78"
1663312123772	Marionette	INFO	Marionette enabled
1663312123776	Marionette	INFO	Listening on port 52859
Read port: 52859
WebDriver BiDi listening on ws://localhost:52849
1663312123899	RemoteAgent	WARN	TLS certificate errors will be ignored for this session
console.warn: SearchSettings: "get: No settings file exists, new profile?" (new NotFoundError("Could not open the file at C:\\Users\\ozgur\\AppData\\Local\\Temp\\rust_mozprofileYt0k78\\search.json.mozlz4", (void 0)))
DevTools listening on ws://localhost:52849/devtools/browser/d4c0c4b5-583a-46c2-ba31-d3b8fffdbc44
JavaScript warning: https://pagead2.googlesyndication.com/bg/SUiySqS1in-YUNsSXtQt1jv3ON6UQ0EMqlXBaZ_BtMI.js line 2 > eval line 7724 > eval line 1 > eval line 1 > eval, line 1: WEBGL_debug_renderer_info is deprecated in Firefox and will be removed. Please use RENDERER.
JavaScript error: , line 0: uncaught exception: 7
JavaScript warning: https://pagead2.googlesyndication.com/bg/SUiySqS1in-YUNsSXtQt1jv3ON6UQ0EMqlXBaZ_BtMI.js line 2 > eval line 1473 > eval line 1 > eval line 1 > eval, line 1: WEBGL_debug_renderer_info is deprecated in Firefox and will be removed. Please use RENDERER.
JavaScript warning: https://pagead2.googlesyndication.com/bg/SUiySqS1in-YUNsSXtQt1jv3ON6UQ0EMqlXBaZ_BtMI.js line 2 > eval line 5285 > eval line 1 > eval line 1 > eval, line 1: WEBGL_debug_renderer_info is deprecated in Firefox and will be removed. Please use RENDERER.
JavaScript warning: https://pagead2.googlesyndication.com/bg/SUiySqS1in-YUNsSXtQt1jv3ON6UQ0EMqlXBaZ_BtMI.js line 2 > eval line 6173 > eval line 1 > eval line 1 > eval, line 1: WEBGL_debug_renderer_info is deprecated in Firefox and will be removed. Please use RENDERER.
JavaScript error: , line 0: uncaught exception: 7
JavaScript warning: https://pagead2.googlesyndication.com/bg/SUiySqS1in-YUNsSXtQt1jv3ON6UQ0EMqlXBaZ_BtMI.js line 2 > eval line 1661 > eval line 1 > eval line 1 > eval, line 1: WEBGL_debug_renderer_info is deprecated in Firefox and will be removed. Please use RENDERER.
JavaScript warning: https://pagead2.googlesyndication.com/bg/SUiySqS1in-YUNsSXtQt1jv3ON6UQ0EMqlXBaZ_BtMI.js line 2 > eval line 4109 > eval line 1 > eval line 1 > eval, line 1: WEBGL_debug_renderer_info is deprecated in Firefox and will be removed. Please use RENDERER.
JavaScript error: , line 0: uncaught exception: 7
JavaScript warning: https://pagead2.googlesyndication.com/bg/SUiySqS1in-YUNsSXtQt1jv3ON6UQ0EMqlXBaZ_BtMI.js line 2 > eval line 152 > eval line 1 > eval line 1 > eval, line 1: WEBGL_debug_renderer_info is deprecated in Firefox and will be removed. Please use RENDERER.
JavaScript error: , line 0: TypeError: NetworkError when attempting to fetch resource.
JavaScript error: , line 0: TypeError: NetworkError when attempting to fetch resource.
JavaScript error: , line 0: TypeError: NetworkError when attempting to fetch resource.
JavaScript warning: https://pagead2.googlesyndication.com/bg/SUiySqS1in-YUNsSXtQt1jv3ON6UQ0EMqlXBaZ_BtMI.js line 2 > eval line 5083 > eval line 1 > eval line 1 > eval, line 1: WEBGL_debug_renderer_info is deprecated in Firefox and will be removed. Please use RENDERER.
JavaScript error: , line 0: TypeError: NetworkError when attempting to fetch resource.
JavaScript error: , line 0: uncaught exception: 7
JavaScript warning: https://pagead2.googlesyndication.com/bg/SUiySqS1in-YUNsSXtQt1jv3ON6UQ0EMqlXBaZ_BtMI.js line 2 > eval line 2556 > eval line 1 > eval line 1 > eval, line 1: WEBGL_debug_renderer_info is deprecated in Firefox and will be removed. Please use RENDERER.
JavaScript error: , line 0: TypeError: NetworkError when attempting to fetch resource.
JavaScript error: , line 0: TypeError: NetworkError when attempting to fetch resource.
JavaScript warning: https://pagead2.googlesyndication.com/bg/SUiySqS1in-YUNsSXtQt1jv3ON6UQ0EMqlXBaZ_BtMI.js line 2 > eval line 6332 > eval line 1 > eval line 1 > eval, line 1: WEBGL_debug_renderer_info is deprecated in Firefox and will be removed. Please use RENDERER.
JavaScript warning: https://pagead2.googlesyndication.com/bg/SUiySqS1in-YUNsSXtQt1jv3ON6UQ0EMqlXBaZ_BtMI.js line 2 > eval line 5550 > eval line 1 > eval line 1 > eval, line 1: WEBGL_debug_renderer_info is deprecated in Firefox and will be removed. Please use RENDERER.
JavaScript warning: https://pagead2.googlesyndication.com/bg/SUiySqS1in-YUNsSXtQt1jv3ON6UQ0EMqlXBaZ_BtMI.js line 2 > eval line 1637 > eval line 1 > eval line 1 > eval, line 1: WEBGL_debug_renderer_info is deprecated in Firefox and will be removed. Please use RENDERER.
JavaScript warning: https://pagead2.googlesyndication.com/bg/SUiySqS1in-YUNsSXtQt1jv3ON6UQ0EMqlXBaZ_BtMI.js line 2 > eval line 3227 > eval line 1 > eval line 1 > eval, line 1: WEBGL_debug_renderer_info is deprecated in Firefox and will be removed. Please use RENDERER.
JavaScript warning: https://pagead2.googlesyndication.com/bg/SUiySqS1in-YUNsSXtQt1jv3ON6UQ0EMqlXBaZ_BtMI.js line 2 > eval line 1520 > eval line 1 > eval line 1 > eval, line 1: WEBGL_debug_renderer_info is deprecated in Firefox and will be removed. Please use RENDERER.
JavaScript warning: https://pagead2.googlesyndication.com/bg/SUiySqS1in-YUNsSXtQt1jv3ON6UQ0EMqlXBaZ_BtMI.js line 2 > eval line 4821 > eval line 1 > eval line 1 > eval, line 1: WEBGL_debug_renderer_info is deprecated in Firefox and will be removed. Please use RENDERER.
JavaScript error: , line 0: uncaught exception: 7
1663312193411	Marionette	INFO	Stopped listening on port 52859
JavaScript error: , line 0: TypeError: NetworkError when attempting to fetch resource.
JavaScript error: , line 0: TypeError: NetworkError when attempting to fetch resource.
JavaScript error: , line 0: TypeError: NetworkError when attempting to fetch resource.
JavaScript error: , line 0: TypeError: NetworkError when attempting to fetch resource.
console.warn: TopSitesFeed: Failed to fetch data from Contile server: NetworkError when attempting to fetch resource.
1663312237495	geckodriver	INFO	Listening on 127.0.0.1:53081
1663312240484	mozrunner::runner	INFO	Running command: "C:\\Program Files\\Mozilla Firefox\\firefox.exe" "--marionette" "--remote-debugging-port" "53082" "--remote-allow-hosts" "localhost" "-no-remote" "-profile" "C:\\Users\\ozgur\\AppData\\Local\\Temp\\rust_mozprofileucoRoN"
1663312240822	Marionette	INFO	Marionette enabled
1663312240826	Marionette	INFO	Listening on port 53092
WebDriver BiDi listening on ws://localhost:53082
Read port: 53092
1663312241078	RemoteAgent	WARN	TLS certificate errors will be ignored for this session
console.warn: SearchSettings: "get: No settings file exists, new profile?" (new NotFoundError("Could not open the file at C:\\Users\\ozgur\\AppData\\Local\\Temp\\rust_mozprofileucoRoN\\search.json.mozlz4", (void 0)))
DevTools listening on ws://localhost:53082/devtools/browser/f3285e36-4874-4798-9378-48542b689902
JavaScript warning: https://pagead2.googlesyndication.com/bg/SUiySqS1in-YUNsSXtQt1jv3ON6UQ0EMqlXBaZ_BtMI.js line 2 > eval line 4456 > eval line 1 > eval line 1 > eval, line 1: WEBGL_debug_renderer_info is deprecated in Firefox and will be removed. Please use RENDERER.
JavaScript warning: https://pagead2.googlesyndication.com/bg/SUiySqS1in-YUNsSXtQt1jv3ON6UQ0EMqlXBaZ_BtMI.js line 2 > eval line 764 > eval line 1 > eval line 1 > eval, line 1: WEBGL_debug_renderer_info is deprecated in Firefox and will be removed. Please use RENDERER.
JavaScript error: , line 0: uncaught exception: undefined
JavaScript error: , line 0: TypeError: NetworkError when attempting to fetch resource.
JavaScript error: , line 0: TypeError: NetworkError when attempting to fetch resource.
JavaScript error: , line 0: TypeError: NetworkError when attempting to fetch resource.
JavaScript warning: https://pagead2.googlesyndication.com/bg/SUiySqS1in-YUNsSXtQt1jv3ON6UQ0EMqlXBaZ_BtMI.js line 2 > eval line 6553 > eval line 1 > eval line 1 > eval, line 1: WEBGL_debug_renderer_info is deprecated in Firefox and will be removed. Please use RENDERER.
JavaScript error: , line 0: uncaught exception: 7
JavaScript warning: https://pagead2.googlesyndication.com/bg/SUiySqS1in-YUNsSXtQt1jv3ON6UQ0EMqlXBaZ_BtMI.js line 2 > eval line 4047 > eval line 1 > eval line 1 > eval, line 1: WEBGL_debug_renderer_info is deprecated in Firefox and will be removed. Please use RENDERER.
JavaScript warning: https://pagead2.googlesyndication.com/bg/SUiySqS1in-YUNsSXtQt1jv3ON6UQ0EMqlXBaZ_BtMI.js line 2 > eval line 1190 > eval line 1 > eval line 1 > eval, line 1: WEBGL_debug_renderer_info is deprecated in Firefox and will be removed. Please use RENDERER.
JavaScript warning: https://pagead2.googlesyndication.com/bg/SUiySqS1in-YUNsSXtQt1jv3ON6UQ0EMqlXBaZ_BtMI.js line 2 > eval line 2202 > eval line 1 > eval line 1 > eval, line 1: WEBGL_debug_renderer_info is deprecated in Firefox and will be removed. Please use RENDERER.
JavaScript warning: https://pagead2.googlesyndication.com/bg/SUiySqS1in-YUNsSXtQt1jv3ON6UQ0EMqlXBaZ_BtMI.js line 2 > eval line 1969 > eval line 1 > eval line 1 > eval, line 1: WEBGL_debug_renderer_info is deprecated in Firefox and will be removed. Please use RENDERER.
JavaScript warning: https://pagead2.googlesyndication.com/bg/SUiySqS1in-YUNsSXtQt1jv3ON6UQ0EMqlXBaZ_BtMI.js line 2 > eval line 3553 > eval line 1 > eval line 1 > eval, line 1: WEBGL_debug_renderer_info is deprecated in Firefox and will be removed. Please use RENDERER.
JavaScript error: , line 0: uncaught exception: 7
JavaScript error: , line 0: TypeError: NetworkError when attempting to fetch resource.
JavaScript error: , line 0: TypeError: NetworkError when attempting to fetch resource.
JavaScript error: , line 0: TypeError: NetworkError when attempting to fetch resource.
JavaScript error: , line 0: TypeError: NetworkError when attempting to fetch resource.
JavaScript warning: https://pagead2.googlesyndication.com/bg/SUiySqS1in-YUNsSXtQt1jv3ON6UQ0EMqlXBaZ_BtMI.js line 2 > eval line 1315 > eval line 1 > eval line 1 > eval, line 1: WEBGL_debug_renderer_info is deprecated in Firefox and will be removed. Please use RENDERER.
JavaScript warning: https://pagead2.googlesyndication.com/bg/SUiySqS1in-YUNsSXtQt1jv3ON6UQ0EMqlXBaZ_BtMI.js line 2 > eval line 3028 > eval line 1 > eval line 1 > eval, line 1: WEBGL_debug_renderer_info is deprecated in Firefox and will be removed. Please use RENDERER.
JavaScript warning: https://pagead2.googlesyndication.com/bg/SUiySqS1in-YUNsSXtQt1jv3ON6UQ0EMqlXBaZ_BtMI.js line 2 > eval line 5539 > eval line 1 > eval line 1 > eval, line 1: WEBGL_debug_renderer_info is deprecated in Firefox and will be removed. Please use RENDERER.
JavaScript error: , line 0: uncaught exception: 7
JavaScript error: , line 0: TypeError: NetworkError when attempting to fetch resource.
JavaScript warning: https://pagead2.googlesyndication.com/bg/SUiySqS1in-YUNsSXtQt1jv3ON6UQ0EMqlXBaZ_BtMI.js line 2 > eval line 3570 > eval line 1 > eval line 1 > eval, line 1: WEBGL_debug_renderer_info is deprecated in Firefox and will be removed. Please use RENDERER.
JavaScript error: , line 0: uncaught exception: 7
JavaScript warning: https://pagead2.googlesyndication.com/bg/SUiySqS1in-YUNsSXtQt1jv3ON6UQ0EMqlXBaZ_BtMI.js line 2 > eval line 7754 > eval line 1 > eval line 1 > eval, line 1: WEBGL_debug_renderer_info is deprecated in Firefox and will be removed. Please use RENDERER.
JavaScript warning: https://pagead2.googlesyndication.com/bg/SUiySqS1in-YUNsSXtQt1jv3ON6UQ0EMqlXBaZ_BtMI.js line 2 > eval line 1111 > eval line 1 > eval line 1 > eval, line 1: WEBGL_debug_renderer_info is deprecated in Firefox and will be removed. Please use RENDERER.
JavaScript warning: https://pagead2.googlesyndication.com/bg/SUiySqS1in-YUNsSXtQt1jv3ON6UQ0EMqlXBaZ_BtMI.js line 2 > eval line 6993 > eval line 1 > eval line 1 > eval, line 1: WEBGL_debug_renderer_info is deprecated in Firefox and will be removed. Please use RENDERER.
JavaScript error: , line 0: uncaught exception: 7
JavaScript error: , line 0: TypeError: NetworkError when attempting to fetch resource.
JavaScript error: , line 0: TypeError: NetworkError when attempting to fetch resource.
JavaScript error: , line 0: TypeError: NetworkError when attempting to fetch resource.
JavaScript warning: https://pagead2.googlesyndication.com/bg/SUiySqS1in-YUNsSXtQt1jv3ON6UQ0EMqlXBaZ_BtMI.js line 2 > eval line 181 > eval line 1 > eval line 1 > eval, line 1: WEBGL_debug_renderer_info is deprecated in Firefox and will be removed. Please use RENDERER.
JavaScript warning: https://pagead2.googlesyndication.com/bg/SUiySqS1in-YUNsSXtQt1jv3ON6UQ0EMqlXBaZ_BtMI.js line 2 > eval line 2467 > eval line 1 > eval line 1 > eval, line 1: WEBGL_debug_renderer_info is deprecated in Firefox and will be removed. Please use RENDERER.
JavaScript error: , line 0: uncaught exception: 7
1663312598355	Marionette	INFO	Stopped listening on port 53092
JavaScript error: , line 0: TypeError: NetworkError when attempting to fetch resource.
JavaScript error: , line 0: TypeError: NetworkError when attempting to fetch resource.
JavaScript error: , line 0: TypeError: NetworkError when attempting to fetch resource.
console.warn: TopSitesFeed: Failed to fetch data from Contile server: NetworkError when attempting to fetch resource.
iver BiDi listening on ws://localhost:53320
Read port: 53329
1663312590927	RemoteAgent	WARN	TLS certificate errors will be ignored for this session
console.warn: SearchSettings: "get: No settings file exists, new profile?" (new NotFoundError("Could not open the file at C:\\Users\\ozgur\\AppData\\Local\\Temp\\rust_mozprofileGKYYIs\\search.json.mozlz4", (void 0)))
DevTools listening on ws://localhost:53320/devtools/browser/da716f65-518b-4824-87de-1c2da796dbd0
JavaScript warning: https://pagead2.googlesyndication.com/bg/SUiySqS1in-YUNsSXtQt1jv3ON6UQ0EMqlXBaZ_BtMI.js line 2 > eval line 2082 > eval line 1 > eval line 1 > eval, line 1: WEBGL_debug_renderer_info is deprecated in Firefox and will be removed. Please use RENDERER.
JavaScript warning: https://pagead2.googlesyndication.com/bg/SUiySqS1in-YUNsSXtQt1jv3ON6UQ0EMqlXBaZ_BtMI.js line 2 > eval line 5287 > eval line 1 > eval line 1 > eval, line 1: WEBGL_debug_renderer_info is deprecated in Firefox and will be removed. Please use RENDERER.
JavaScript warning: https://pagead2.googlesyndication.com/bg/SUiySqS1in-YUNsSXtQt1jv3ON6UQ0EMqlXBaZ_BtMI.js line 2 > eval line 7385 > eval line 1 > eval line 1 > eval, line 1: WEBGL_debug_renderer_info is deprecated in Firefox and will be removed. Please use RENDERER.
JavaScript error: , line 0: uncaught exception: undefined
1663312599467	Marionette	INFO	Stopped listening on port 53329
JavaScript error: , line 0: TypeError: NetworkError when attempting to fetch resource.
JavaScript error: , line 0: TypeError: NetworkError when attempting to fetch resource.
JavaScript error: , line 0: TypeError: NetworkError when attempting to fetch resource.
console.warn: TopSitesFeed: Failed to fetch data from Contile server: NetworkError when attempting to fetch resource.
[Parent 18396, IPC I/O Parent] WARNING: file /builds/worker/checkouts/gecko/ipc/chromium/src/base/process_util_win.cc:167
1663312609633	geckodriver	INFO	Listening on 127.0.0.1:53450
1663312612610	mozrunner::runner	INFO	Running command: "C:\\Program Files\\Mozilla Firefox\\firefox.exe" "--marionette" "--remote-debugging-port" "53451" "--remote-allow-hosts" "localhost" "-no-remote" "-profile" "C:\\Users\\ozgur\\AppData\\Local\\Temp\\rust_mozprofilesb9ngk"
1663312612927	Marionette	INFO	Marionette enabled
1663312612931	Marionette	INFO	Listening on port 53460
WebDriver BiDi listening on ws://localhost:53451
Read port: 53460
1663312613053	RemoteAgent	WARN	TLS certificate errors will be ignored for this session
console.warn: SearchSettings: "get: No settings file exists, new profile?" (new NotFoundError("Could not open the file at C:\\Users\\ozgur\\AppData\\Local\\Temp\\rust_mozprofilesb9ngk\\search.json.mozlz4", (void 0)))
DevTools listening on ws://localhost:53451/devtools/browser/90d4c4c4-5f4f-4a80-9a80-3cdc097571c5
JavaScript warning: https://pagead2.googlesyndication.com/bg/SUiySqS1in-YUNsSXtQt1jv3ON6UQ0EMqlXBaZ_BtMI.js line 2 > eval line 5364 > eval line 1 > eval line 1 > eval, line 1: WEBGL_debug_renderer_info is deprecated in Firefox and will be removed. Please use RENDERER.
JavaScript error: , line 0: uncaught exception: 7
JavaScript warning: https://pagead2.googlesyndication.com/bg/SUiySqS1in-YUNsSXtQt1jv3ON6UQ0EMqlXBaZ_BtMI.js line 2 > eval line 561 > eval line 1 > eval line 1 > eval, line 1: WEBGL_debug_renderer_info is deprecated in Firefox and will be removed. Please use RENDERER.
JavaScript warning: https://pagead2.googlesyndication.com/bg/SUiySqS1in-YUNsSXtQt1jv3ON6UQ0EMqlXBaZ_BtMI.js line 2 > eval line 2588 > eval line 1 > eval line 1 > eval, line 1: WEBGL_debug_renderer_info is deprecated in Firefox and will be removed. Please use RENDERER.
JavaScript warning: https://pagead2.googlesyndication.com/bg/SUiySqS1in-YUNsSXtQt1jv3ON6UQ0EMqlXBaZ_BtMI.js line 2 > eval line 176 > eval line 1 > eval line 1 > eval, line 1: WEBGL_debug_renderer_info is deprecated in Firefox and will be removed. Please use RENDERER.
JavaScript error: , line 0: uncaught exception: 7
1663312697860	Marionette	INFO	Stopped listening on port 53460
JavaScript error: , line 0: TypeError: NetworkError when attempting to fetch resource.
JavaScript error: , line 0: TypeError: NetworkError when attempting to fetch resource.
JavaScript error: , line 0: TypeError: NetworkError when attempting to fetch resource.
JavaScript error: , line 0: TypeError: NetworkError when attempting to fetch resource.
console.warn: TopSitesFeed: Failed to fetch data from Contile server: NetworkError when attempting to fetch resource.
[Parent 4164, IPC I/O Parent] WARNING: file /builds/worker/checonsole.warn: SearchSettings: "get: No settings file exists, new profile?" (new NotFoundError("Could not open the file at C:\\Users\\ozgur\\AppData\\Local\\Temp\\rust_mozprofilenXUiKY\\search.json.mozlz4", (void 0)))
DevTools listening on ws://localhost:53607/devtools/browser/00e38d1e-154c-4dd0-bffa-b1792a5f4d95
JavaScript warning: https://pagead2.googlesyndication.com/bg/SUiySqS1in-YUNsSXtQt1jv3ON6UQ0EMqlXBaZ_BtMI.js line 2 > eval line 4364 > eval line 1 > eval line 1 > eval, line 1: WEBGL_debug_renderer_info is deprecated in Firefox and will be removed. Please use RENDERER.
JavaScript error: , line 0: uncaught exception: 7
JavaScript warning: https://pagead2.googlesyndication.com/bg/SUiySqS1in-YUNsSXtQt1jv3ON6UQ0EMqlXBaZ_BtMI.js line 2 > eval line 639 > eval line 1 > eval line 1 > eval, line 1: WEBGL_debug_renderer_info is deprecated in Firefox and will be removed. Please use RENDERER.
JavaScript warning: https://pagead2.googlesyndication.com/bg/SUiySqS1in-YUNsSXtQt1jv3ON6UQ0EMqlXBaZ_BtMI.js line 2 > eval line 6671 > eval line 1 > eval line 1 > eval, line 1: WEBGL_debug_renderer_info is deprecated in Firefox and will be removed. Please use RENDERER.
JavaScript error: , line 0: uncaught exception: 7
JavaScript warning: https://pagead2.googlesyndication.com/bg/SUiySqS1in-YUNsSXtQt1jv3ON6UQ0EMqlXBaZ_BtMI.js line 2 > eval line 3525 > eval line 1 > eval line 1 > eval, line 1: WEBGL_debug_renderer_info is deprecated in Firefox and will be removed. Please use RENDERER.
JavaScript error: , line 0: uncaught exception: undefined
JavaScript warning: https://pagead2.googlesyndication.com/bg/SUiySqS1in-YUNsSXtQt1jv3ON6UQ0EMqlXBaZ_BtMI.js line 2 > eval line 2784 > eval line 1 > eval line 1 > eval, line 1: WEBGL_debug_renderer_info is deprecated in Firefox and will be removed. Please use RENDERER.
1663312739537	Marionette	INFO	Stopped listening on port 53616
[Parent 9652, IPC I/O Parent] WARNING: file /builds/worker/checkouts/gecko/ipc/chromium/src/base/process_util_win.cc:167
JavaScript error: , line 0: TypeError: NetworkError when attempting to fetch resource.
